[2024.09.27 17:43:56] INFO: "GET / HTTP/1.1" 200 0
[2024.09.27 17:43:56] WARNING: "GET /favicon.ico HTTP/1.1" 404 4440
[2024.09.27 17:44:01] INFO: "GET /signup/ HTTP/1.1" 200 4249
[2024.09.27 17:44:09] INFO: "GET /catalog/ HTTP/1.1" 200 4379
[2024.09.27 17:44:10] INFO: "GET /media/static/img/%D0%A1%D0%BD%D0%B8%D0%BC%D0%BE%D0%BA_%D1%8D%D0%BA%D1%80%D0%B0%D0%BD%D0%B0_1.png HTTP/1.1" 304 0
[2024.09.27 17:44:10] INFO: "GET /media/static/img/bmw-3-series-sedan-m-automobiles-sd-individual-10.jpg HTTP/1.1" 304 0
[2024.09.27 17:44:25] INFO: "GET /logout/ HTTP/1.1" 302 0
[2024.09.27 17:44:25] INFO: "GET / HTTP/1.1" 200 0
[2024.09.27 17:44:29] INFO: "GET /admin/ HTTP/1.1" 302 0
[2024.09.27 17:44:29] INFO: "GET /admin/login/?next=/admin/ HTTP/1.1" 200 4362
[2024.09.27 17:44:29] INFO: "GET /static/admin/css/base.css HTTP/1.1" 304 0
[2024.09.27 17:44:29] INFO: "GET /static/admin/css/dark_mode.css HTTP/1.1" 304 0
[2024.09.27 17:44:29] INFO: "GET /static/admin/js/theme.js HTTP/1.1" 304 0
[2024.09.27 17:44:29] INFO: "GET /static/admin/css/nav_sidebar.css HTTP/1.1" 304 0
[2024.09.27 17:44:29] INFO: "GET /static/admin/css/responsive.css HTTP/1.1" 304 0
[2024.09.27 17:44:29] INFO: "GET /static/admin/css/login.css HTTP/1.1" 304 0
[2024.09.27 17:44:29] INFO: "GET /static/admin/js/nav_sidebar.js HTTP/1.1" 304 0
[2024.09.27 17:44:30] INFO: "GET /catalog/ HTTP/1.1" 200 4027
[2024.09.27 17:44:48] INFO: "GET /cart/ HTTP/1.1" 302 0
[2024.09.27 17:44:48] WARNING: "GET /accounts/login/?next=/cart/ HTTP/1.1" 404 4464
[2024.09.27 17:44:58] INFO: "GET /product/5/ HTTP/1.1" 200 3268
[2024.09.27 17:45:01] INFO: "GET /login/ HTTP/1.1" 200 1586
[2024.09.27 17:45:05] INFO: - Broken pipe from ('127.0.0.1', 50351)
[2024.09.27 17:45:06] INFO: "POST /login/ HTTP/1.1" 302 0
[2024.09.27 17:45:06] INFO: "GET / HTTP/1.1" 200 0
[2024.09.27 17:45:10] INFO: "GET /catalog/ HTTP/1.1" 200 4379
[2024.09.27 17:45:29] INFO: "GET /product/6/ HTTP/1.1" 200 3621
[2024.09.27 17:45:30] INFO: "POST /add-to-cart/6/ HTTP/1.1" 302 0
[2024.09.27 17:45:30] INFO: "GET /cart/ HTTP/1.1" 200 3774
[2024.09.27 17:50:32] INFO: "GET /cart/ HTTP/1.1" 200 3111
[2024.09.27 17:50:34] INFO: "GET /catalog/ HTTP/1.1" 200 4379
[2024.09.27 17:50:36] INFO: "GET /product/6/ HTTP/1.1" 200 3621
[2024.09.27 17:50:37] INFO: "POST /add-to-cart/6/ HTTP/1.1" 302 0
[2024.09.27 17:50:37] INFO: "GET /cart/ HTTP/1.1" 200 3111
[2024.09.27 17:51:12] INFO: "GET /cart/ HTTP/1.1" 200 3111
[2024.09.27 17:51:13] INFO: "GET /cart/ HTTP/1.1" 200 3111
[2024.09.27 17:51:13] INFO: "GET /catalog/ HTTP/1.1" 200 4379
[2024.09.27 17:51:15] INFO: "GET /product/6/ HTTP/1.1" 200 3621
[2024.09.27 17:51:15] INFO: "POST /add-to-cart/6/ HTTP/1.1" 302 0
[2024.09.27 17:51:15] INFO: "GET /cart/ HTTP/1.1" 200 3111
[2024.09.27 18:34:20] INFO: "GET /catalog/ HTTP/1.1" 200 4379
[2024.09.27 18:34:21] INFO: "GET /product/5/ HTTP/1.1" 200 3620
[2024.09.27 18:34:22] INFO: "POST /add-to-cart/5/ HTTP/1.1" 302 0
[2024.09.27 18:34:22] INFO: "GET /cart/ HTTP/1.1" 200 3111
[2024.09.27 18:34:50] INFO: "GET /cart/ HTTP/1.1" 200 3111
[2024.09.27 18:34:51] INFO: "GET /catalog/ HTTP/1.1" 200 4379
[2024.09.27 18:34:53] INFO: "GET /product/6/ HTTP/1.1" 200 3621
[2024.09.27 18:34:53] INFO: "POST /add-to-cart/6/ HTTP/1.1" 302 0
[2024.09.27 18:34:53] INFO: "GET /cart/ HTTP/1.1" 200 3111
